Info: Starting: Create block symbol file (.bsf)
Info: qsys-generate C:\ECE385Lab\ECE385_Final_Project\working_copy_final_project\flappy_bird_control.qsys --block-symbol-file --output-directory=C:\ECE385Lab\ECE385_Final_Project\working_copy_final_project\flappy_bird_control --family="Cyclone IV E" --part=EP4CE115F29C7
Progress: Loading working_copy_final_project/flappy_bird_control.qsys
Progress: Reading input file
Progress: Adding ScoreX [altera_avalon_pio 15.0]
Progress: Parameterizing module ScoreX
Progress: Adding ScoreX2 [altera_avalon_pio 15.0]
Progress: Parameterizing module ScoreX2
Progress: Adding ScoreY [altera_avalon_pio 15.0]
Progress: Parameterizing module ScoreY
Progress: Adding ScoreY2 [altera_avalon_pio 15.0]
Progress: Parameterizing module ScoreY2
Progress: Adding TextX [altera_avalon_pio 15.0]
Progress: Parameterizing module TextX
Progress: Adding TextY [altera_avalon_pio 15.0]
Progress: Parameterizing module TextY
Progress: Adding bird_x [altera_avalon_pio 15.0]
Progress: Parameterizing module bird_x
Progress: Adding bird_y [altera_avalon_pio 15.0]
Progress: Parameterizing module bird_y
Progress: Adding bird_y2 [altera_avalon_pio 15.0]
Progress: Parameterizing module bird_y2
Progress: Adding clk_0 [clock_source 15.0]
Progress: Parameterizing module clk_0
Progress: Adding first [altera_avalon_pio 15.0]
Progress: Parameterizing module first
Progress: Adding jtag_uart_0 [altera_avalon_jtag_uart 15.0]
Progress: Parameterizing module jtag_uart_0
Progress: Adding keycode [altera_avalon_pio 15.0]
Progress: Parameterizing module keycode
Progress: Adding nios2_gen2_0 [altera_nios2_gen2 15.0]
Progress: Parameterizing module nios2_gen2_0
Progress: Adding onchip_memory2_0 [altera_avalon_onchip_memory2 15.0]
Progress: Parameterizing module onchip_memory2_0
Progress: Adding pipe1 [altera_avalon_pio 15.0]
Progress: Parameterizing module pipe1
Progress: Adding pipe2 [altera_avalon_pio 15.0]
Progress: Parameterizing module pipe2
Progress: Adding pipe3 [altera_avalon_pio 15.0]
Progress: Parameterizing module pipe3
Progress: Adding pipe4 [altera_avalon_pio 15.0]
Progress: Parameterizing module pipe4
Progress: Adding pipe5 [altera_avalon_pio 15.0]
Progress: Parameterizing module pipe5
Progress: Adding pipe_x [altera_avalon_pio 15.0]
Progress: Parameterizing module pipe_x
Progress: Adding press [altera_avalon_pio 15.0]
Progress: Parameterizing module press
Progress: Adding sdram [altera_avalon_new_sdram_controller 15.0]
Progress: Parameterizing module sdram
Progress: Adding sdram_pll [altpll 15.0]
Progress: Parameterizing module sdram_pll
Progress: Adding second [altera_avalon_pio 15.0]
Progress: Parameterizing module second
Progress: Adding sysid_qsys_0 [altera_avalon_sysid_qsys 15.0]
Progress: Parameterizing module sysid_qsys_0
Progress: Adding text_on [altera_avalon_pio 15.0]
Progress: Parameterizing module text_on
Progress: Adding third [altera_avalon_pio 15.0]
Progress: Parameterizing module third
Progress: Building connections
Progress: Parameterizing connections
Progress: Validating
Progress: Done reading input file
Info: flappy_bird_control.keycode: PIO inputs are not hardwired in test bench. Undefined values will be read from PIO inputs during simulation.
Info: flappy_bird_control.press: PIO inputs are not hardwired in test bench. Undefined values will be read from PIO inputs during simulation.
Info: flappy_bird_control.sysid_qsys_0: System ID is not assigned automatically. Edit the System ID parameter to provide a unique ID
Info: flappy_bird_control.sysid_qsys_0: Time stamp will be automatically updated when this component is generated.
Warning: flappy_bird_control.sdram_pll: sdram_pll.areset_conduit must be exported, or connected to a matching conduit.
Warning: flappy_bird_control.sdram_pll: sdram_pll.locked_conduit must be exported, or connected to a matching conduit.
Warning: flappy_bird_control.sdram_pll: sdram_pll.phasedone_conduit must be exported, or connected to a matching conduit.
Info: ip-generate succeeded.
Info: Finished: Create block symbol file (.bsf)
Info: 
Info: Starting: Create HDL design files for synthesis
Info: qsys-generate C:\ECE385Lab\ECE385_Final_Project\working_copy_final_project\flappy_bird_control.qsys --synthesis=VERILOG --output-directory=C:\ECE385Lab\ECE385_Final_Project\working_copy_final_project\flappy_bird_control\synthesis --family="Cyclone IV E" --part=EP4CE115F29C7
Progress: Loading working_copy_final_project/flappy_bird_control.qsys
Progress: Reading input file
Progress: Adding ScoreX [altera_avalon_pio 15.0]
Progress: Parameterizing module ScoreX
Progress: Adding ScoreX2 [altera_avalon_pio 15.0]
Progress: Parameterizing module ScoreX2
Progress: Adding ScoreY [altera_avalon_pio 15.0]
Progress: Parameterizing module ScoreY
Progress: Adding ScoreY2 [altera_avalon_pio 15.0]
Progress: Parameterizing module ScoreY2
Progress: Adding TextX [altera_avalon_pio 15.0]
Progress: Parameterizing module TextX
Progress: Adding TextY [altera_avalon_pio 15.0]
Progress: Parameterizing module TextY
Progress: Adding bird_x [altera_avalon_pio 15.0]
Progress: Parameterizing module bird_x
Progress: Adding bird_y [altera_avalon_pio 15.0]
Progress: Parameterizing module bird_y
Progress: Adding bird_y2 [altera_avalon_pio 15.0]
Progress: Parameterizing module bird_y2
Progress: Adding clk_0 [clock_source 15.0]
Progress: Parameterizing module clk_0
Progress: Adding first [altera_avalon_pio 15.0]
Progress: Parameterizing module first
Progress: Adding jtag_uart_0 [altera_avalon_jtag_uart 15.0]
Progress: Parameterizing module jtag_uart_0
Progress: Adding keycode [altera_avalon_pio 15.0]
Progress: Parameterizing module keycode
Progress: Adding nios2_gen2_0 [altera_nios2_gen2 15.0]
Progress: Parameterizing module nios2_gen2_0
Progress: Adding onchip_memory2_0 [altera_avalon_onchip_memory2 15.0]
Progress: Parameterizing module onchip_memory2_0
Progress: Adding pipe1 [altera_avalon_pio 15.0]
Progress: Parameterizing module pipe1
Progress: Adding pipe2 [altera_avalon_pio 15.0]
Progress: Parameterizing module pipe2
Progress: Adding pipe3 [altera_avalon_pio 15.0]
Progress: Parameterizing module pipe3
Progress: Adding pipe4 [altera_avalon_pio 15.0]
Progress: Parameterizing module pipe4
Progress: Adding pipe5 [altera_avalon_pio 15.0]
Progress: Parameterizing module pipe5
Progress: Adding pipe_x [altera_avalon_pio 15.0]
Progress: Parameterizing module pipe_x
Progress: Adding press [altera_avalon_pio 15.0]
Progress: Parameterizing module press
Progress: Adding sdram [altera_avalon_new_sdram_controller 15.0]
Progress: Parameterizing module sdram
Progress: Adding sdram_pll [altpll 15.0]
Progress: Parameterizing module sdram_pll
Progress: Adding second [altera_avalon_pio 15.0]
Progress: Parameterizing module second
Progress: Adding sysid_qsys_0 [altera_avalon_sysid_qsys 15.0]
Progress: Parameterizing module sysid_qsys_0
Progress: Adding text_on [altera_avalon_pio 15.0]
Progress: Parameterizing module text_on
Progress: Adding third [altera_avalon_pio 15.0]
Progress: Parameterizing module third
Progress: Building connections
Progress: Parameterizing connections
Progress: Validating
Progress: Done reading input file
Info: flappy_bird_control.keycode: PIO inputs are not hardwired in test bench. Undefined values will be read from PIO inputs during simulation.
Info: flappy_bird_control.press: PIO inputs are not hardwired in test bench. Undefined values will be read from PIO inputs during simulation.
Info: flappy_bird_control.sysid_qsys_0: System ID is not assigned automatically. Edit the System ID parameter to provide a unique ID
Info: flappy_bird_control.sysid_qsys_0: Time stamp will be automatically updated when this component is generated.
Warning: flappy_bird_control.sdram_pll: sdram_pll.areset_conduit must be exported, or connected to a matching conduit.
Warning: flappy_bird_control.sdram_pll: sdram_pll.locked_conduit must be exported, or connected to a matching conduit.
Warning: flappy_bird_control.sdram_pll: sdram_pll.phasedone_conduit must be exported, or connected to a matching conduit.
Info: flappy_bird_control: Generating flappy_bird_control "flappy_bird_control" for QUARTUS_SYNTH
Info: Inserting clock-crossing logic between cmd_demux.src6 and cmd_mux_006.sink0
Info: Inserting clock-crossing logic between cmd_demux_001.src4 and cmd_mux_006.sink1
Info: Inserting clock-crossing logic between rsp_demux_006.src0 and rsp_mux.sink6
Info: Inserting clock-crossing logic between rsp_demux_006.src1 and rsp_mux_001.sink4
Info: ScoreX: Starting RTL generation for module 'flappy_bird_control_ScoreX'
Info: ScoreX:   Generation command is [exec C:/altera/15.0/quartus/bin64/perl/bin/perl.exe -I C:/altera/15.0/quartus/bin64/perl/lib -I C:/altera/15.0/quartus/sopc_builder/bin/europa -I C:/altera/15.0/quartus/sopc_builder/bin/perl_lib -I C:/altera/15.0/quartus/sopc_builder/bin -I C:/altera/15.0/quartus/../ip/altera/sopc_builder_ip/common -I C:/altera/15.0/quartus/../ip/altera/sopc_builder_ip/altera_avalon_pio -- C:/altera/15.0/quartus/../ip/altera/sopc_builder_ip/altera_avalon_pio/generate_rtl.pl --name=flappy_bird_control_ScoreX --dir=C:/Users/ZEFANX~1/AppData/Local/Temp/alt6775_3655408185068871085.dir/0001_ScoreX_gen/ --quartus_dir=C:/altera/15.0/quartus --verilog --config=C:/Users/ZEFANX~1/AppData/Local/Temp/alt6775_3655408185068871085.dir/0001_ScoreX_gen//flappy_bird_control_ScoreX_component_configuration.pl  --do_build_sim=0  ]
Info: ScoreX: Done RTL generation for module 'flappy_bird_control_ScoreX'
Info: ScoreX: "flappy_bird_control" instantiated altera_avalon_pio "ScoreX"
Info: jtag_uart_0: Starting RTL generation for module 'flappy_bird_control_jtag_uart_0'
Info: jtag_uart_0:   Generation command is [exec C:/altera/15.0/quartus/bin64/perl/bin/perl.exe -I C:/altera/15.0/quartus/bin64/perl/lib -I C:/altera/15.0/quartus/sopc_builder/bin/europa -I C:/altera/15.0/quartus/sopc_builder/bin/perl_lib -I C:/altera/15.0/quartus/sopc_builder/bin -I C:/altera/15.0/quartus/../ip/altera/sopc_builder_ip/common -I C:/altera/15.0/quartus/../ip/altera/sopc_builder_ip/altera_avalon_jtag_uart -- C:/altera/15.0/quartus/../ip/altera/sopc_builder_ip/altera_avalon_jtag_uart/generate_rtl.pl --name=flappy_bird_control_jtag_uart_0 --dir=C:/Users/ZEFANX~1/AppData/Local/Temp/alt6775_3655408185068871085.dir/0002_jtag_uart_0_gen/ --quartus_dir=C:/altera/15.0/quartus --verilog --config=C:/Users/ZEFANX~1/AppData/Local/Temp/alt6775_3655408185068871085.dir/0002_jtag_uart_0_gen//flappy_bird_control_jtag_uart_0_component_configuration.pl  --do_build_sim=0  ]
Info: jtag_uart_0: Done RTL generation for module 'flappy_bird_control_jtag_uart_0'
Info: jtag_uart_0: "flappy_bird_control" instantiated altera_avalon_jtag_uart "jtag_uart_0"
Info: keycode: Starting RTL generation for module 'flappy_bird_control_keycode'
Info: keycode:   Generation command is [exec C:/altera/15.0/quartus/bin64/perl/bin/perl.exe -I C:/altera/15.0/quartus/bin64/perl/lib -I C:/altera/15.0/quartus/sopc_builder/bin/europa -I C:/altera/15.0/quartus/sopc_builder/bin/perl_lib -I C:/altera/15.0/quartus/sopc_builder/bin -I C:/altera/15.0/quartus/../ip/altera/sopc_builder_ip/common -I C:/altera/15.0/quartus/../ip/altera/sopc_builder_ip/altera_avalon_pio -- C:/altera/15.0/quartus/../ip/altera/sopc_builder_ip/altera_avalon_pio/generate_rtl.pl --name=flappy_bird_control_keycode --dir=C:/Users/ZEFANX~1/AppData/Local/Temp/alt6775_3655408185068871085.dir/0003_keycode_gen/ --quartus_dir=C:/altera/15.0/quartus --verilog --config=C:/Users/ZEFANX~1/AppData/Local/Temp/alt6775_3655408185068871085.dir/0003_keycode_gen//flappy_bird_control_keycode_component_configuration.pl  --do_build_sim=0  ]
Info: keycode: Done RTL generation for module 'flappy_bird_control_keycode'
Info: keycode: "flappy_bird_control" instantiated altera_avalon_pio "keycode"
Info: nios2_gen2_0: "flappy_bird_control" instantiated altera_nios2_gen2 "nios2_gen2_0"
Info: onchip_memory2_0: Starting RTL generation for module 'flappy_bird_control_onchip_memory2_0'
Info: onchip_memory2_0:   Generation command is [exec C:/altera/15.0/quartus/bin64/perl/bin/perl.exe -I C:/altera/15.0/quartus/bin64/perl/lib -I C:/altera/15.0/quartus/sopc_builder/bin/europa -I C:/altera/15.0/quartus/sopc_builder/bin/perl_lib -I C:/altera/15.0/quartus/sopc_builder/bin -I C:/altera/15.0/quartus/../ip/altera/sopc_builder_ip/common -I C:/altera/15.0/quartus/../ip/altera/sopc_builder_ip/altera_avalon_onchip_memory2 -- C:/altera/15.0/quartus/../ip/altera/sopc_builder_ip/altera_avalon_onchip_memory2/generate_rtl.pl --name=flappy_bird_control_onchip_memory2_0 --dir=C:/Users/ZEFANX~1/AppData/Local/Temp/alt6775_3655408185068871085.dir/0004_onchip_memory2_0_gen/ --quartus_dir=C:/altera/15.0/quartus --verilog --config=C:/Users/ZEFANX~1/AppData/Local/Temp/alt6775_3655408185068871085.dir/0004_onchip_memory2_0_gen//flappy_bird_control_onchip_memory2_0_component_configuration.pl  --do_build_sim=0  ]
Info: onchip_memory2_0: Done RTL generation for module 'flappy_bird_control_onchip_memory2_0'
Info: onchip_memory2_0: "flappy_bird_control" instantiated altera_avalon_onchip_memory2 "onchip_memory2_0"
Info: press: Starting RTL generation for module 'flappy_bird_control_press'
Info: press:   Generation command is [exec C:/altera/15.0/quartus/bin64/perl/bin/perl.exe -I C:/altera/15.0/quartus/bin64/perl/lib -I C:/altera/15.0/quartus/sopc_builder/bin/europa -I C:/altera/15.0/quartus/sopc_builder/bin/perl_lib -I C:/altera/15.0/quartus/sopc_builder/bin -I C:/altera/15.0/quartus/../ip/altera/sopc_builder_ip/common -I C:/altera/15.0/quartus/../ip/altera/sopc_builder_ip/altera_avalon_pio -- C:/altera/15.0/quartus/../ip/altera/sopc_builder_ip/altera_avalon_pio/generate_rtl.pl --name=flappy_bird_control_press --dir=C:/Users/ZEFANX~1/AppData/Local/Temp/alt6775_3655408185068871085.dir/0005_press_gen/ --quartus_dir=C:/altera/15.0/quartus --verilog --config=C:/Users/ZEFANX~1/AppData/Local/Temp/alt6775_3655408185068871085.dir/0005_press_gen//flappy_bird_control_press_component_configuration.pl  --do_build_sim=0  ]
Info: press: Done RTL generation for module 'flappy_bird_control_press'
Info: press: "flappy_bird_control" instantiated altera_avalon_pio "press"
Info: sdram: Starting RTL generation for module 'flappy_bird_control_sdram'
Info: sdram:   Generation command is [exec C:/altera/15.0/quartus/bin64/perl/bin/perl.exe -I C:/altera/15.0/quartus/bin64/perl/lib -I C:/altera/15.0/quartus/sopc_builder/bin/europa -I C:/altera/15.0/quartus/sopc_builder/bin/perl_lib -I C:/altera/15.0/quartus/sopc_builder/bin -I C:/altera/15.0/quartus/../ip/altera/sopc_builder_ip/common -I C:/altera/15.0/quartus/../ip/altera/sopc_builder_ip/altera_avalon_new_sdram_controller -- C:/altera/15.0/quartus/../ip/altera/sopc_builder_ip/altera_avalon_new_sdram_controller/generate_rtl.pl --name=flappy_bird_control_sdram --dir=C:/Users/ZEFANX~1/AppData/Local/Temp/alt6775_3655408185068871085.dir/0006_sdram_gen/ --quartus_dir=C:/altera/15.0/quartus --verilog --config=C:/Users/ZEFANX~1/AppData/Local/Temp/alt6775_3655408185068871085.dir/0006_sdram_gen//flappy_bird_control_sdram_component_configuration.pl  --do_build_sim=0  ]
Info: sdram: Done RTL generation for module 'flappy_bird_control_sdram'
Info: sdram: "flappy_bird_control" instantiated altera_avalon_new_sdram_controller "sdram"
Info: sdram_pll: "flappy_bird_control" instantiated altpll "sdram_pll"
Info: sysid_qsys_0: "flappy_bird_control" instantiated altera_avalon_sysid_qsys "sysid_qsys_0"
Info: avalon_st_adapter: Inserting error_adapter: error_adapter_0
Info: avalon_st_adapter_001: Inserting error_adapter: error_adapter_0
Info: avalon_st_adapter_002: Inserting error_adapter: error_adapter_0
Info: avalon_st_adapter_003: Inserting error_adapter: error_adapter_0
Info: avalon_st_adapter_004: Inserting error_adapter: error_adapter_0
Info: avalon_st_adapter_005: Inserting error_adapter: error_adapter_0
Info: avalon_st_adapter_006: Inserting error_adapter: error_adapter_0
Info: avalon_st_adapter_007: Inserting error_adapter: error_adapter_0
Info: avalon_st_adapter_008: Inserting error_adapter: error_adapter_0
Info: avalon_st_adapter_009: Inserting error_adapter: error_adapter_0
Info: avalon_st_adapter_010: Inserting error_adapter: error_adapter_0
Info: avalon_st_adapter_011: Inserting error_adapter: error_adapter_0
Info: avalon_st_adapter_012: Inserting error_adapter: error_adapter_0
Info: avalon_st_adapter_013: Inserting error_adapter: error_adapter_0
Info: avalon_st_adapter_014: Inserting error_adapter: error_adapter_0
Info: avalon_st_adapter_015: Inserting error_adapter: error_adapter_0
Info: avalon_st_adapter_016: Inserting error_adapter: error_adapter_0
Info: avalon_st_adapter_017: Inserting error_adapter: error_adapter_0
Info: avalon_st_adapter_018: Inserting error_adapter: error_adapter_0
Info: avalon_st_adapter_019: Inserting error_adapter: error_adapter_0
Info: avalon_st_adapter_020: Inserting error_adapter: error_adapter_0
Info: avalon_st_adapter_021: Inserting error_adapter: error_adapter_0
Info: avalon_st_adapter_022: Inserting error_adapter: error_adapter_0
Info: avalon_st_adapter_023: Inserting error_adapter: error_adapter_0
Info: avalon_st_adapter_024: Inserting error_adapter: error_adapter_0
Info: avalon_st_adapter_025: Inserting error_adapter: error_adapter_0
Info: avalon_st_adapter_026: Inserting error_adapter: error_adapter_0
Info: mm_interconnect_0: "flappy_bird_control" instantiated altera_mm_interconnect "mm_interconnect_0"
Info: irq_mapper: "flappy_bird_control" instantiated altera_irq_mapper "irq_mapper"
Info: rst_controller: "flappy_bird_control" instantiated altera_reset_controller "rst_controller"
Info: cpu: Starting RTL generation for module 'flappy_bird_control_nios2_gen2_0_cpu'
Info: cpu:   Generation command is [exec C:/altera/15.0/quartus/bin64/eperlcmd.exe -I C:/altera/15.0/quartus/bin64/perl/lib -I C:/altera/15.0/quartus/sopc_builder/bin/europa -I C:/altera/15.0/quartus/sopc_builder/bin/perl_lib -I C:/altera/15.0/quartus/sopc_builder/bin -I C:/altera/15.0/quartus/../ip/altera/nios2_ip/altera_nios2_gen2/cpu_lib -I C:/altera/15.0/quartus/../ip/altera/nios2_ip/altera_nios2_gen2/nios_lib -I C:/altera/15.0/quartus/../ip/altera/nios2_ip/altera_nios2_gen2 -I C:/altera/15.0/quartus/../ip/altera/nios2_ip/altera_nios2_gen2 -- C:/altera/15.0/quartus/../ip/altera/nios2_ip/altera_nios2_gen2/generate_rtl.epl --name=flappy_bird_control_nios2_gen2_0_cpu --dir=C:/Users/ZEFANX~1/AppData/Local/Temp/alt6775_3655408185068871085.dir/0012_cpu_gen/ --quartus_bindir=C:/altera/15.0/quartus/bin64 --verilog --config=C:/Users/ZEFANX~1/AppData/Local/Temp/alt6775_3655408185068871085.dir/0012_cpu_gen//flappy_bird_control_nios2_gen2_0_cpu_processor_configuration.pl  --do_build_sim=0  ]
Info: cpu: # 2015.12.06 11:58:14 (*) Starting Nios II generation
Info: cpu: # 2015.12.06 11:58:14 (*)   Checking for plaintext license.
Info: cpu: # 2015.12.06 11:58:16 (*)   Couldn't query license setup in Quartus directory C:/altera/15.0/quartus/bin64
Info: cpu: # 2015.12.06 11:58:16 (*)   Defaulting to contents of LM_LICENSE_FILE environment variable
Info: cpu: # 2015.12.06 11:58:16 (*)   LM_LICENSE_FILE environment variable is empty
Info: cpu: # 2015.12.06 11:58:16 (*)   Plaintext license not found.
Info: cpu: # 2015.12.06 11:58:16 (*)   No license required to generate encrypted Nios II/e.
Info: cpu: # 2015.12.06 11:58:16 (*)   Elaborating CPU configuration settings
Info: cpu: # 2015.12.06 11:58:16 (*)   Creating all objects for CPU
Info: cpu: # 2015.12.06 11:58:17 (*)   Generating RTL from CPU objects
Info: cpu: # 2015.12.06 11:58:17 (*)   Creating plain-text RTL
Info: cpu: # 2015.12.06 11:58:18 (*) Done Nios II generation
Info: cpu: Done RTL generation for module 'flappy_bird_control_nios2_gen2_0_cpu'
Info: cpu: "nios2_gen2_0" instantiated altera_nios2_gen2_unit "cpu"
Info: nios2_gen2_0_data_master_translator: "mm_interconnect_0" instantiated altera_merlin_master_translator "nios2_gen2_0_data_master_translator"
Info: jtag_uart_0_avalon_jtag_slave_translator: "mm_interconnect_0" instantiated altera_merlin_slave_translator "jtag_uart_0_avalon_jtag_slave_translator"
Info: nios2_gen2_0_data_master_agent: "mm_interconnect_0" instantiated altera_merlin_master_agent "nios2_gen2_0_data_master_agent"
Info: jtag_uart_0_avalon_jtag_slave_agent: "mm_interconnect_0" instantiated altera_merlin_slave_agent "jtag_uart_0_avalon_jtag_slave_agent"
Info: jtag_uart_0_avalon_jtag_slave_agent_rsp_fifo: "mm_interconnect_0" instantiated altera_avalon_sc_fifo "jtag_uart_0_avalon_jtag_slave_agent_rsp_fifo"
Info: router: "mm_interconnect_0" instantiated altera_merlin_router "router"
Info: router_001: "mm_interconnect_0" instantiated altera_merlin_router "router_001"
Info: router_002: "mm_interconnect_0" instantiated altera_merlin_router "router_002"
Info: router_003: "mm_interconnect_0" instantiated altera_merlin_router "router_003"
Info: router_008: "mm_interconnect_0" instantiated altera_merlin_router "router_008"
Info: sdram_s1_burst_adapter: "mm_interconnect_0" instantiated altera_merlin_burst_adapter "sdram_s1_burst_adapter"
Info: cmd_demux: "mm_interconnect_0" instantiated altera_merlin_demultiplexer "cmd_demux"
Info: cmd_demux_001: "mm_interconnect_0" instantiated altera_merlin_demultiplexer "cmd_demux_001"
Info: cmd_mux: "mm_interconnect_0" instantiated altera_merlin_multiplexer "cmd_mux"
Info: cmd_mux_001: "mm_interconnect_0" instantiated altera_merlin_multiplexer "cmd_mux_001"
Info: Reusing file C:/ECE385Lab/ECE385_Final_Project/working_copy_final_project/flappy_bird_control/synthesis/submodules/altera_merlin_arbitrator.sv
Info: rsp_demux: "mm_interconnect_0" instantiated altera_merlin_demultiplexer "rsp_demux"
Info: rsp_demux_001: "mm_interconnect_0" instantiated altera_merlin_demultiplexer "rsp_demux_001"
Info: rsp_mux: "mm_interconnect_0" instantiated altera_merlin_multiplexer "rsp_mux"
Info: Reusing file C:/ECE385Lab/ECE385_Final_Project/working_copy_final_project/flappy_bird_control/synthesis/submodules/altera_merlin_arbitrator.sv
Info: rsp_mux_001: "mm_interconnect_0" instantiated altera_merlin_multiplexer "rsp_mux_001"
Info: Reusing file C:/ECE385Lab/ECE385_Final_Project/working_copy_final_project/flappy_bird_control/synthesis/submodules/altera_merlin_arbitrator.sv
Info: sdram_s1_rsp_width_adapter: "mm_interconnect_0" instantiated altera_merlin_width_adapter "sdram_s1_rsp_width_adapter"
Info: Reusing file C:/ECE385Lab/ECE385_Final_Project/working_copy_final_project/flappy_bird_control/synthesis/submodules/altera_merlin_address_alignment.sv
Info: Reusing file C:/ECE385Lab/ECE385_Final_Project/working_copy_final_project/flappy_bird_control/synthesis/submodules/altera_merlin_burst_uncompressor.sv
Info: crosser: "mm_interconnect_0" instantiated altera_avalon_st_handshake_clock_crosser "crosser"
Info: Reusing file C:/ECE385Lab/ECE385_Final_Project/working_copy_final_project/flappy_bird_control/synthesis/submodules/altera_avalon_st_pipeline_base.v
Info: avalon_st_adapter: "mm_interconnect_0" instantiated altera_avalon_st_adapter "avalon_st_adapter"
Info: avalon_st_adapter_006: "mm_interconnect_0" instantiated altera_avalon_st_adapter "avalon_st_adapter_006"
Info: error_adapter_0: "avalon_st_adapter" instantiated error_adapter "error_adapter_0"
Info: error_adapter_0: "avalon_st_adapter_006" instantiated error_adapter "error_adapter_0"
Info: flappy_bird_control: Done "flappy_bird_control" with 39 modules, 62 files
Info: ip-generate succeeded.
Info: Finished: Create HDL design files for synthesis
