Flow report for Flappy_Bird
Sun Dec 06 15:24:15 2015
Quartus II 64-Bit Version 15.0.0 Build 145 04/22/2015 SJ Web Edition


---------------------
; Table of Contents ;
---------------------
  1. Legal Notice
  2. Flow Summary
  3. Flow Settings
  4. Flow Non-Default Global Settings
  5. Flow Elapsed Time
  6. Flow OS Summary
  7. Flow Log
  8. Flow Messages
  9. Flow Suppressed Messages



----------------
; Legal Notice ;
----------------
Copyright (C) 1991-2015 Altera Corporation. All rights reserved.
Your use of Altera Corporation's design tools, logic functions 
and other software and tools, and its AMPP partner logic 
functions, and any output files from any of the foregoing 
(including device programming or simulation files), and any 
associated documentation or information are expressly subject 
to the terms and conditions of the Altera Program License 
Subscription Agreement, the Altera Quartus II License Agreement,
the Altera MegaCore Function License Agreement, or other 
applicable license agreement, including, without limitation, 
that your use is for the sole purpose of programming logic 
devices manufactured by Altera and sold by Altera or its 
authorized distributors.  Please refer to the applicable 
agreement for further details.



+---------------------------------------------------------------------------------+
; Flow Summary                                                                    ;
+------------------------------------+--------------------------------------------+
; Flow Status                        ; Successful - Sun Dec 06 15:24:15 2015      ;
; Quartus II 64-Bit Version          ; 15.0.0 Build 145 04/22/2015 SJ Web Edition ;
; Revision Name                      ; Flappy_Bird                                ;
; Top-level Entity Name              ; Flappy_Bird                                ;
; Family                             ; Cyclone IV E                               ;
; Device                             ; EP4CE115F29C7                              ;
; Timing Models                      ; Final                                      ;
; Total logic elements               ; 16,269 / 114,480 ( 14 % )                  ;
;     Total combinational functions  ; 15,597 / 114,480 ( 14 % )                  ;
;     Dedicated logic registers      ; 2,712 / 114,480 ( 2 % )                    ;
; Total registers                    ; 2781                                       ;
; Total pins                         ; 105 / 529 ( 20 % )                         ;
; Total virtual pins                 ; 0                                          ;
; Total memory bits                  ; 11,392 / 3,981,312 ( < 1 % )               ;
; Embedded Multiplier 9-bit elements ; 0 / 532 ( 0 % )                            ;
; Total PLLs                         ; 1 / 4 ( 25 % )                             ;
+------------------------------------+--------------------------------------------+


+-----------------------------------------+
; Flow Settings                           ;
+-------------------+---------------------+
; Option            ; Setting             ;
+-------------------+---------------------+
; Start date & time ; 12/06/2015 15:19:42 ;
; Main task         ; Compilation         ;
; Revision Name     ; Flappy_Bird         ;
+-------------------+---------------------+


+----------------------------------------------------------------------------------------------------------------------------+
; Flow Non-Default Global Settings                                                                                           ;
+-------------------------------------+---------------------------------------+---------------+-------------+----------------+
; Assignment Name                     ; Value                                 ; Default Value ; Entity Name ; Section Id     ;
+-------------------------------------+---------------------------------------+---------------+-------------+----------------+
; COMPILER_SIGNATURE_ID               ; 345052807176.144943678208860          ; --            ; --          ; --             ;
; EDA_OUTPUT_DATA_FORMAT              ; Systemverilog Hdl                     ; --            ; --          ; eda_simulation ;
; EDA_SIMULATION_TOOL                 ; ModelSim-Altera (SystemVerilog)       ; <None>        ; --          ; --             ;
; FLOW_ENABLE_POWER_ANALYZER          ; On                                    ; Off           ; --          ; --             ;
; MAX_CORE_JUNCTION_TEMP              ; 85                                    ; --            ; --          ; --             ;
; MIN_CORE_JUNCTION_TEMP              ; 0                                     ; --            ; --          ; --             ;
; NOMINAL_CORE_SUPPLY_VOLTAGE         ; 1.2V                                  ; --            ; --          ; --             ;
; PARTITION_COLOR                     ; 16764057                              ; --            ; --          ; Top            ;
; PARTITION_FITTER_PRESERVATION_LEVEL ; PLACEMENT_AND_ROUTING                 ; --            ; --          ; Top            ;
; PARTITION_NETLIST_TYPE              ; SOURCE                                ; --            ; --          ; Top            ;
; POWER_BOARD_THERMAL_MODEL           ; None (CONSERVATIVE)                   ; --            ; --          ; --             ;
; POWER_DEFAULT_INPUT_IO_TOGGLE_RATE  ; 12.5 %                                ; 12.5%         ; --          ; --             ;
; POWER_PRESET_COOLING_SOLUTION       ; 23 MM HEAT SINK WITH 200 LFPM AIRFLOW ; --            ; --          ; --             ;
; PROJECT_OUTPUT_DIRECTORY            ; output_files                          ; --            ; --          ; --             ;
+-------------------------------------+---------------------------------------+---------------+-------------+----------------+


+-------------------------------------------------------------------------------------------------------------------------------+
; Flow Elapsed Time                                                                                                             ;
+---------------------------+--------------+-------------------------+---------------------+------------------------------------+
; Module Name               ; Elapsed Time ; Average Processors Used ; Peak Virtual Memory ; Total CPU Time (on all processors) ;
+---------------------------+--------------+-------------------------+---------------------+------------------------------------+
; Analysis & Synthesis      ; 00:02:14     ; 1.0                     ; 1046 MB             ; 00:03:59                           ;
; Fitter                    ; 00:01:06     ; 1.3                     ; 1582 MB             ; 00:01:21                           ;
; Assembler                 ; 00:00:06     ; 1.0                     ; 688 MB              ; 00:00:06                           ;
; PowerPlay Power Analyzer  ; 00:00:24     ; 1.0                     ; 894 MB              ; 00:00:25                           ;
; TimeQuest Timing Analyzer ; 00:00:08     ; 1.1                     ; 925 MB              ; 00:00:09                           ;
; EDA Netlist Writer        ; 00:00:15     ; 1.0                     ; 744 MB              ; 00:00:14                           ;
; Total                     ; 00:04:13     ; --                      ; --                  ; 00:06:14                           ;
+---------------------------+--------------+-------------------------+---------------------+------------------------------------+


+----------------------------------------------------------------------------------------+
; Flow OS Summary                                                                        ;
+---------------------------+------------------+-----------+------------+----------------+
; Module Name               ; Machine Hostname ; OS Name   ; OS Version ; Processor type ;
+---------------------------+------------------+-----------+------------+----------------+
; Analysis & Synthesis      ; Xu               ; Windows 7 ; 6.2        ; x86_64         ;
; Fitter                    ; Xu               ; Windows 7 ; 6.2        ; x86_64         ;
; Assembler                 ; Xu               ; Windows 7 ; 6.2        ; x86_64         ;
; PowerPlay Power Analyzer  ; Xu               ; Windows 7 ; 6.2        ; x86_64         ;
; TimeQuest Timing Analyzer ; Xu               ; Windows 7 ; 6.2        ; x86_64         ;
; EDA Netlist Writer        ; Xu               ; Windows 7 ; 6.2        ; x86_64         ;
+---------------------------+------------------+-----------+------------+----------------+


------------
; Flow Log ;
------------
quartus_map --read_settings_files=on --write_settings_files=off Flappy_Bird -c Flappy_Bird
quartus_fit --read_settings_files=off --write_settings_files=off Flappy_Bird -c Flappy_Bird
quartus_asm --read_settings_files=off --write_settings_files=off Flappy_Bird -c Flappy_Bird
quartus_pow --read_settings_files=off --write_settings_files=off Flappy_Bird -c Flappy_Bird
quartus_sta Flappy_Bird -c Flappy_Bird
quartus_eda --read_settings_files=off --write_settings_files=off Flappy_Bird -c Flappy_Bird



